2025-06-27 12:46:45,242 - DataTransmissionProcess - INFO - 数据传输管理器初始化完成
2025-06-27 12:46:45,242 - DataTransmissionProcess - INFO - 数据传输进程已就绪
2025-06-27 12:46:45,242 - DataTransmissionProcess - INFO - 启动数据传输管理器
2025-06-27 12:46:45,243 - DataTransmissionProcess - INFO - 缓冲区处理线程启动
2025-06-27 12:46:45,243 - DataTransmissionProcess - INFO - 保存结果处理线程启动
2025-06-27 12:46:45,243 - DataTransmissionProcess - INFO - 主数据处理循环启动
2025-06-27 12:49:43,130 - DataTransmissionProcess - INFO - 收到关闭消息
2025-06-27 12:49:43,131 - DataTransmissionProcess - INFO - 数据传输管理器已关闭
2025-06-27 12:49:43,131 - DataTransmissionProcess - INFO - 统计信息: 接收消息 4602, 转发到Qt 4602, 转发到保存 23, 处理数据点 3811, 批处理数据点 0, 错误 0
2025-06-27 12:49:43,131 - DataTransmissionProcess - INFO - 数据传输进程结束
2025-06-27 12:49:51,730 - DataTransmissionProcess - INFO - 数据传输管理器初始化完成
2025-06-27 12:49:51,731 - DataTransmissionProcess - INFO - 数据传输进程已就绪
2025-06-27 12:49:51,731 - DataTransmissionProcess - INFO - 启动数据传输管理器
2025-06-27 12:49:51,732 - DataTransmissionProcess - INFO - 缓冲区处理线程启动
2025-06-27 12:49:51,732 - DataTransmissionProcess - INFO - 保存结果处理线程启动
2025-06-27 12:49:51,733 - DataTransmissionProcess - INFO - 主数据处理循环启动
2025-06-27 12:53:47,214 - DataTransmissionProcess - INFO - 收到关闭消息
2025-06-27 12:53:47,218 - DataTransmissionProcess - INFO - 数据传输管理器已关闭
2025-06-27 12:53:47,219 - DataTransmissionProcess - INFO - 统计信息: 接收消息 10450, 转发到Qt 10450, 转发到保存 26, 处理数据点 8419, 批处理数据点 0, 错误 0
2025-06-27 12:53:47,220 - DataTransmissionProcess - INFO - 数据传输进程结束
2025-06-27 12:54:29,274 - DataTransmissionProcess - INFO - 数据传输管理器初始化完成
2025-06-27 12:54:29,274 - DataTransmissionProcess - INFO - 数据传输进程已就绪
2025-06-27 12:54:29,274 - DataTransmissionProcess - INFO - 启动数据传输管理器
2025-06-27 12:54:29,275 - DataTransmissionProcess - INFO - 缓冲区处理线程启动
2025-06-27 12:54:29,275 - DataTransmissionProcess - INFO - 保存结果处理线程启动
2025-06-27 12:54:29,275 - DataTransmissionProcess - INFO - 主数据处理循环启动
2025-06-27 12:54:34,392 - DataTransmissionProcess - INFO - 收到关闭消息
2025-06-27 12:54:34,393 - DataTransmissionProcess - INFO - 数据传输管理器已关闭
2025-06-27 12:54:34,393 - DataTransmissionProcess - INFO - 统计信息: 接收消息 0, 转发到Qt 0, 转发到保存 0, 处理数据点 0, 批处理数据点 0, 错误 0
2025-06-27 12:54:34,393 - DataTransmissionProcess - INFO - 数据传输进程结束
2025-06-27 12:54:35,343 - DataTransmissionProcess - INFO - 数据传输管理器初始化完成
2025-06-27 12:54:35,344 - DataTransmissionProcess - INFO - 数据传输进程已就绪
2025-06-27 12:54:35,344 - DataTransmissionProcess - INFO - 启动数据传输管理器
2025-06-27 12:54:35,344 - DataTransmissionProcess - INFO - 缓冲区处理线程启动
2025-06-27 12:54:35,345 - DataTransmissionProcess - INFO - 保存结果处理线程启动
2025-06-27 12:54:35,345 - DataTransmissionProcess - INFO - 主数据处理循环启动
2025-06-27 12:59:26,947 - DataTransmissionProcess - INFO - 收到关闭消息
2025-06-27 12:59:26,948 - DataTransmissionProcess - INFO - 数据传输管理器已关闭
2025-06-27 12:59:26,949 - DataTransmissionProcess - INFO - 统计信息: 接收消息 34368, 转发到Qt 34368, 转发到保存 97, 处理数据点 28029, 批处理数据点 0, 错误 0
2025-06-27 12:59:26,950 - DataTransmissionProcess - INFO - 数据传输进程结束
