2025-06-27 12:46:45,239 - DataSaveProcess - INFO - 数据保存进程已就绪
2025-06-27 12:46:45,239 - DataSaveProcess - INFO - 启动数据保存管理器，使用 4 个工作线程
2025-06-27 12:46:45,240 - DataSaveProcess - INFO - 工作线程 DataSaveWorker-0 启动
2025-06-27 12:46:45,240 - DataSaveProcess - INFO - 工作线程 DataSaveWorker-1 启动
2025-06-27 12:46:45,240 - DataSaveProcess - INFO - 工作线程 DataSaveWorker-2 启动
2025-06-27 12:46:45,241 - DataSaveProcess - INFO - 工作线程 DataSaveWorker-3 启动
2025-06-27 12:46:45,241 - DataSaveProcess - INFO - 数据保存管理器主循环启动
2025-06-27 12:47:22,423 - DataSaveProcess - INFO - 保存JSON数据: UserData/AutoSave/Test Unit A1/20250627-124722_workflow_test_20250627124722_9cc01aa1/workflow.json
2025-06-27 12:48:17,175 - DataSaveProcess - INFO - 保存JSON数据: UserData/AutoSave/Test Unit A1/20250627-124722_workflow_test_20250627124722_9cc01aa1/test_info_temp.json
2025-06-27 12:48:17,195 - DataSaveProcess - INFO - 保存转移特性数据: UserData/AutoSave/Test Unit A1/20250627-124722_workflow_test_20250627124722_9cc01aa1/1_transfer.csv, 追加模式: False
2025-06-27 12:48:41,434 - DataSaveProcess - INFO - 保存JSON数据: UserData/AutoSave/Test Unit B2/20250627-124841_workflow_test_20250627124841_e050cfd9/workflow.json
2025-06-27 12:48:42,342 - DataSaveProcess - INFO - 保存JSON数据: UserData/AutoSave/Test Unit A1/20250627-124722_workflow_test_20250627124722_9cc01aa1/test_info_temp.json
2025-06-27 12:48:42,388 - DataSaveProcess - INFO - 保存瞬态特性数据: UserData/AutoSave/Test Unit A1/20250627-124722_workflow_test_20250627124722_9cc01aa1/2_transient.csv, 追加模式: False
2025-06-27 12:48:46,307 - DataSaveProcess - INFO - 保存JSON数据: UserData/AutoSave/Test Unit B2/20250627-124841_workflow_test_20250627124841_e050cfd9/test_info_temp.json
2025-06-27 12:48:46,307 - DataSaveProcess - INFO - 保存JSON数据: UserData/AutoSave/Test Unit B2/20250627-124841_workflow_test_20250627124841_e050cfd9/test_info.json
2025-06-27 12:48:46,308 - DataSaveProcess - INFO - 保存转移特性数据: UserData/AutoSave/Test Unit B2/20250627-124841_workflow_test_20250627124841_e050cfd9/1_transfer.csv, 追加模式: False
2025-06-27 12:49:00,443 - DataSaveProcess - INFO - 保存JSON数据: UserData/AutoSave/Test Unit A1/20250627-124900_workflow_test_20250627124900_0cf89d27/workflow.json
2025-06-27 12:49:01,077 - DataSaveProcess - INFO - 保存JSON数据: UserData/AutoSave/Test Unit A1/20250627-124900_workflow_test_20250627124900_0cf89d27/test_info.json
2025-06-27 12:49:04,317 - DataSaveProcess - INFO - 保存JSON数据: UserData/AutoSave/Test Unit A1/20250627-124904_workflow_test_20250627124904_8f2be470/workflow.json
2025-06-27 12:49:04,933 - DataSaveProcess - INFO - 保存JSON数据: UserData/AutoSave/Test Unit A1/20250627-124904_workflow_test_20250627124904_8f2be470/test_info.json
2025-06-27 12:49:05,984 - DataSaveProcess - INFO - 保存JSON数据: UserData/AutoSave/Test Unit A1/20250627-124905_workflow_test_20250627124905_114d039b/workflow.json
2025-06-27 12:49:06,639 - DataSaveProcess - INFO - 保存JSON数据: UserData/AutoSave/Test Unit A1/20250627-124905_workflow_test_20250627124905_114d039b/test_info.json
2025-06-27 12:49:23,248 - DataSaveProcess - INFO - 保存JSON数据: UserData/AutoSave/Test Unit A1/20250627-124923_workflow_test_20250627124923_112a0ac4/workflow.json
2025-06-27 12:49:23,877 - DataSaveProcess - INFO - 保存JSON数据: UserData/AutoSave/Test Unit A1/20250627-124923_workflow_test_20250627124923_112a0ac4/test_info.json
2025-06-27 12:49:26,722 - DataSaveProcess - INFO - 保存JSON数据: UserData/AutoSave/Test Unit B2/20250627-124926_workflow_test_20250627124926_f8fcd525/workflow.json
2025-06-27 12:49:31,593 - DataSaveProcess - INFO - 保存JSON数据: UserData/AutoSave/Test Unit B2/20250627-124926_workflow_test_20250627124926_f8fcd525/test_info_temp.json
2025-06-27 12:49:31,594 - DataSaveProcess - INFO - 保存JSON数据: UserData/AutoSave/Test Unit B2/20250627-124926_workflow_test_20250627124926_f8fcd525/test_info.json
2025-06-27 12:49:31,594 - DataSaveProcess - INFO - 保存转移特性数据: UserData/AutoSave/Test Unit B2/20250627-124926_workflow_test_20250627124926_f8fcd525/1_transfer.csv, 追加模式: False
2025-06-27 12:49:32,935 - DataSaveProcess - INFO - 保存JSON数据: UserData/AutoSave/Test Unit B3/20250627-124932_workflow_test_20250627124932_c736a74c/workflow.json
2025-06-27 12:49:38,944 - DataSaveProcess - INFO - 保存JSON数据: UserData/AutoSave/Test Unit B2/20250627-124938_workflow_test_20250627124938_b624ef9a/workflow.json
2025-06-27 12:49:43,131 - DataSaveProcess - INFO - 收到关闭信号
2025-06-27 12:49:43,131 - DataSaveProcess - INFO - 工作线程 DataSaveWorker-1 收到结束信号
2025-06-27 12:49:43,131 - DataSaveProcess - INFO - 工作线程 DataSaveWorker-0 收到结束信号
2025-06-27 12:49:43,131 - DataSaveProcess - INFO - 工作线程 DataSaveWorker-2 收到结束信号
2025-06-27 12:49:43,131 - DataSaveProcess - INFO - 工作线程 DataSaveWorker-3 收到结束信号
2025-06-27 12:49:43,131 - DataSaveProcess - INFO - 工作线程 DataSaveWorker-1 已退出
2025-06-27 12:49:43,131 - DataSaveProcess - INFO - 工作线程 DataSaveWorker-0 已退出
2025-06-27 12:49:43,132 - DataSaveProcess - INFO - 工作线程 DataSaveWorker-2 已退出
2025-06-27 12:49:43,132 - DataSaveProcess - INFO - 工作线程 DataSaveWorker-3 已退出
2025-06-27 12:49:43,132 - DataSaveProcess - INFO - 数据保存管理器已关闭
2025-06-27 12:49:43,133 - DataSaveProcess - INFO - 统计信息: 总共保存了 23 个文件，共 526802 字节
2025-06-27 12:49:43,133 - DataSaveProcess - INFO - 接收到 0 个批次，共 0 个数据点
2025-06-27 12:49:43,133 - DataSaveProcess - INFO - 按类型分: 转移特性=3, 瞬态特性=1, JSON=19, 其他=0
2025-06-27 12:49:43,133 - DataSaveProcess - INFO - 错误次数: 0
2025-06-27 12:49:43,133 - DataSaveProcess - INFO - 数据保存进程结束
2025-06-27 12:49:51,736 - DataSaveProcess - INFO - 数据保存进程已就绪
2025-06-27 12:49:51,737 - DataSaveProcess - INFO - 启动数据保存管理器，使用 4 个工作线程
2025-06-27 12:49:51,737 - DataSaveProcess - INFO - 工作线程 DataSaveWorker-0 启动
2025-06-27 12:49:51,738 - DataSaveProcess - INFO - 工作线程 DataSaveWorker-1 启动
2025-06-27 12:49:51,738 - DataSaveProcess - INFO - 工作线程 DataSaveWorker-2 启动
2025-06-27 12:49:51,738 - DataSaveProcess - INFO - 工作线程 DataSaveWorker-3 启动
2025-06-27 12:49:51,738 - DataSaveProcess - INFO - 数据保存管理器主循环启动
2025-06-27 12:50:19,743 - DataSaveProcess - INFO - 保存JSON数据: UserData/AutoSave/Test Unit A1/20250627-125019_workflow_test_20250627125019_e7f5ea1f/workflow.json
2025-06-27 12:50:27,189 - DataSaveProcess - INFO - 保存JSON数据: UserData/AutoSave/Test Unit B2/20250627-125027_workflow_test_20250627125026_48843ecf/workflow.json
2025-06-27 12:50:50,978 - DataSaveProcess - INFO - 保存JSON数据: UserData/AutoSave/Test Unit B1/20250627-125050_workflow_test_20250627125050_26c18ff0/workflow.json
2025-06-27 12:50:59,077 - DataSaveProcess - INFO - 保存JSON数据: UserData/AutoSave/Test Unit B3/20250627-125059_workflow_test_20250627125058_7bceb9f1/workflow.json
2025-06-27 12:51:03,962 - DataSaveProcess - INFO - 保存JSON数据: UserData/AutoSave/Test Unit B3/20250627-125059_workflow_test_20250627125058_7bceb9f1/test_info_temp.json
2025-06-27 12:51:03,965 - DataSaveProcess - INFO - 保存JSON数据: UserData/AutoSave/Test Unit B3/20250627-125059_workflow_test_20250627125058_7bceb9f1/test_info.json
2025-06-27 12:51:03,988 - DataSaveProcess - INFO - 保存转移特性数据: UserData/AutoSave/Test Unit B3/20250627-125059_workflow_test_20250627125058_7bceb9f1/1_transfer.csv, 追加模式: False
2025-06-27 12:51:14,505 - DataSaveProcess - INFO - 保存JSON数据: UserData/AutoSave/Test Unit A1/20250627-125019_workflow_test_20250627125019_e7f5ea1f/test_info_temp.json
2025-06-27 12:51:14,509 - DataSaveProcess - INFO - 保存转移特性数据: UserData/AutoSave/Test Unit A1/20250627-125019_workflow_test_20250627125019_e7f5ea1f/1_transfer.csv, 追加模式: False
2025-06-27 12:51:21,952 - DataSaveProcess - INFO - 保存JSON数据: UserData/AutoSave/Test Unit B2/20250627-125027_workflow_test_20250627125026_48843ecf/test_info_temp.json
2025-06-27 12:51:21,954 - DataSaveProcess - INFO - 保存转移特性数据: UserData/AutoSave/Test Unit B2/20250627-125027_workflow_test_20250627125026_48843ecf/1_transfer.csv, 追加模式: False
2025-06-27 12:51:33,788 - DataSaveProcess - INFO - 保存JSON数据: UserData/AutoSave/Test Unit B1/20250627-125050_workflow_test_20250627125050_26c18ff0/test_info.json
2025-06-27 12:51:33,789 - DataSaveProcess - INFO - 保存JSON数据: UserData/AutoSave/Test Unit B1/20250627-125050_workflow_test_20250627125050_26c18ff0/test_info_temp.json
2025-06-27 12:51:33,790 - DataSaveProcess - INFO - 保存转移特性数据: UserData/AutoSave/Test Unit B1/20250627-125050_workflow_test_20250627125050_26c18ff0/1_transfer.csv, 追加模式: False
2025-06-27 12:51:39,660 - DataSaveProcess - INFO - 保存JSON数据: UserData/AutoSave/Test Unit A1/20250627-125019_workflow_test_20250627125019_e7f5ea1f/test_info_temp.json
2025-06-27 12:51:39,707 - DataSaveProcess - INFO - 保存瞬态特性数据: UserData/AutoSave/Test Unit A1/20250627-125019_workflow_test_20250627125019_e7f5ea1f/2_transient.csv, 追加模式: False
2025-06-27 12:51:47,137 - DataSaveProcess - INFO - 保存JSON数据: UserData/AutoSave/Test Unit B2/20250627-125027_workflow_test_20250627125026_48843ecf/test_info_temp.json
2025-06-27 12:51:47,186 - DataSaveProcess - INFO - 保存瞬态特性数据: UserData/AutoSave/Test Unit B2/20250627-125027_workflow_test_20250627125026_48843ecf/2_transient.csv, 追加模式: False
2025-06-27 12:52:34,355 - DataSaveProcess - INFO - 保存JSON数据: UserData/AutoSave/Test Unit A1/20250627-125019_workflow_test_20250627125019_e7f5ea1f/test_info_temp.json
2025-06-27 12:52:34,355 - DataSaveProcess - INFO - 保存转移特性数据: UserData/AutoSave/Test Unit A1/20250627-125019_workflow_test_20250627125019_e7f5ea1f/3_transfer.csv, 追加模式: False
2025-06-27 12:52:41,928 - DataSaveProcess - INFO - 保存JSON数据: UserData/AutoSave/Test Unit B2/20250627-125027_workflow_test_20250627125026_48843ecf/test_info_temp.json
2025-06-27 12:52:41,929 - DataSaveProcess - INFO - 保存转移特性数据: UserData/AutoSave/Test Unit B2/20250627-125027_workflow_test_20250627125026_48843ecf/3_transfer.csv, 追加模式: False
2025-06-27 12:52:59,590 - DataSaveProcess - INFO - 保存JSON数据: UserData/AutoSave/Test Unit A1/20250627-125019_workflow_test_20250627125019_e7f5ea1f/test_info_temp.json
2025-06-27 12:52:59,636 - DataSaveProcess - INFO - 保存瞬态特性数据: UserData/AutoSave/Test Unit A1/20250627-125019_workflow_test_20250627125019_e7f5ea1f/4_transient.csv, 追加模式: False
2025-06-27 12:53:07,173 - DataSaveProcess - INFO - 保存JSON数据: UserData/AutoSave/Test Unit B2/20250627-125027_workflow_test_20250627125026_48843ecf/test_info_temp.json
2025-06-27 12:53:07,220 - DataSaveProcess - INFO - 保存瞬态特性数据: UserData/AutoSave/Test Unit B2/20250627-125027_workflow_test_20250627125026_48843ecf/4_transient.csv, 追加模式: False
2025-06-27 12:53:47,216 - DataSaveProcess - INFO - 收到关闭信号
2025-06-27 12:53:47,218 - DataSaveProcess - INFO - 工作线程 DataSaveWorker-0 收到结束信号
2025-06-27 12:53:47,219 - DataSaveProcess - INFO - 工作线程 DataSaveWorker-3 收到结束信号
2025-06-27 12:53:47,219 - DataSaveProcess - INFO - 工作线程 DataSaveWorker-1 收到结束信号
2025-06-27 12:53:47,226 - DataSaveProcess - INFO - 工作线程 DataSaveWorker-1 已退出
2025-06-27 12:53:47,220 - DataSaveProcess - INFO - 工作线程 DataSaveWorker-0 已退出
2025-06-27 12:53:47,221 - DataSaveProcess - INFO - 工作线程 DataSaveWorker-3 已退出
2025-06-27 12:53:47,219 - DataSaveProcess - INFO - 工作线程 DataSaveWorker-2 收到结束信号
2025-06-27 12:53:47,257 - DataSaveProcess - INFO - 工作线程 DataSaveWorker-2 已退出
2025-06-27 12:53:47,258 - DataSaveProcess - INFO - 检测到关闭事件，通知数据保存管理器
2025-06-27 12:53:47,259 - DataSaveProcess - INFO - 数据保存管理器已关闭
2025-06-27 12:53:47,260 - DataSaveProcess - INFO - 统计信息: 总共保存了 26 个文件，共 2027148 字节
2025-06-27 12:53:47,261 - DataSaveProcess - INFO - 接收到 0 个批次，共 0 个数据点
2025-06-27 12:53:47,321 - DataSaveProcess - INFO - 按类型分: 转移特性=6, 瞬态特性=4, JSON=16, 其他=0
2025-06-27 12:53:47,369 - DataSaveProcess - INFO - 错误次数: 0
2025-06-27 12:53:47,370 - DataSaveProcess - INFO - 数据保存进程结束
2025-06-27 12:54:29,263 - DataSaveProcess - INFO - 数据保存进程已就绪
2025-06-27 12:54:29,264 - DataSaveProcess - INFO - 启动数据保存管理器，使用 4 个工作线程
2025-06-27 12:54:29,264 - DataSaveProcess - INFO - 工作线程 DataSaveWorker-0 启动
2025-06-27 12:54:29,264 - DataSaveProcess - INFO - 工作线程 DataSaveWorker-1 启动
2025-06-27 12:54:29,264 - DataSaveProcess - INFO - 工作线程 DataSaveWorker-2 启动
2025-06-27 12:54:29,265 - DataSaveProcess - INFO - 工作线程 DataSaveWorker-3 启动
2025-06-27 12:54:29,265 - DataSaveProcess - INFO - 数据保存管理器主循环启动
2025-06-27 12:54:34,392 - DataSaveProcess - INFO - 收到关闭信号
2025-06-27 12:54:34,393 - DataSaveProcess - INFO - 工作线程 DataSaveWorker-0 收到结束信号
2025-06-27 12:54:34,393 - DataSaveProcess - INFO - 工作线程 DataSaveWorker-1 收到结束信号
2025-06-27 12:54:34,393 - DataSaveProcess - INFO - 工作线程 DataSaveWorker-3 收到结束信号
2025-06-27 12:54:34,394 - DataSaveProcess - INFO - 工作线程 DataSaveWorker-2 收到结束信号
2025-06-27 12:54:34,394 - DataSaveProcess - INFO - 工作线程 DataSaveWorker-0 已退出
2025-06-27 12:54:34,394 - DataSaveProcess - INFO - 工作线程 DataSaveWorker-1 已退出
2025-06-27 12:54:34,394 - DataSaveProcess - INFO - 工作线程 DataSaveWorker-3 已退出
2025-06-27 12:54:34,395 - DataSaveProcess - INFO - 工作线程 DataSaveWorker-2 已退出
2025-06-27 12:54:34,396 - DataSaveProcess - INFO - 数据保存管理器已关闭
2025-06-27 12:54:34,397 - DataSaveProcess - INFO - 统计信息: 总共保存了 0 个文件，共 0 字节
2025-06-27 12:54:34,397 - DataSaveProcess - INFO - 接收到 0 个批次，共 0 个数据点
2025-06-27 12:54:34,398 - DataSaveProcess - INFO - 按类型分: 转移特性=0, 瞬态特性=0, JSON=0, 其他=0
2025-06-27 12:54:34,398 - DataSaveProcess - INFO - 错误次数: 0
2025-06-27 12:54:34,399 - DataSaveProcess - INFO - 数据保存进程结束
2025-06-27 12:54:35,346 - DataSaveProcess - INFO - 数据保存进程已就绪
2025-06-27 12:54:35,347 - DataSaveProcess - INFO - 启动数据保存管理器，使用 4 个工作线程
2025-06-27 12:54:35,347 - DataSaveProcess - INFO - 工作线程 DataSaveWorker-0 启动
2025-06-27 12:54:35,347 - DataSaveProcess - INFO - 工作线程 DataSaveWorker-1 启动
2025-06-27 12:54:35,348 - DataSaveProcess - INFO - 工作线程 DataSaveWorker-2 启动
2025-06-27 12:54:35,348 - DataSaveProcess - INFO - 工作线程 DataSaveWorker-3 启动
2025-06-27 12:54:35,348 - DataSaveProcess - INFO - 数据保存管理器主循环启动
2025-06-27 12:54:48,521 - DataSaveProcess - INFO - 保存JSON数据: UserData/AutoSave/Test Unit A1/20250627-125448_workflow_test_20250627125448_f29730fa/workflow.json
2025-06-27 12:54:53,389 - DataSaveProcess - INFO - 保存JSON数据: UserData/AutoSave/Test Unit A1/20250627-125448_workflow_test_20250627125448_f29730fa/test_info_temp.json
2025-06-27 12:54:53,394 - DataSaveProcess - INFO - 保存转移特性数据: UserData/AutoSave/Test Unit A1/20250627-125448_workflow_test_20250627125448_f29730fa/1_transfer.csv, 追加模式: False
2025-06-27 12:54:58,611 - DataSaveProcess - INFO - 保存JSON数据: UserData/AutoSave/Test Unit A1/20250627-125448_workflow_test_20250627125448_f29730fa/test_info.json
2025-06-27 12:54:58,611 - DataSaveProcess - INFO - 保存JSON数据: UserData/AutoSave/Test Unit A1/20250627-125448_workflow_test_20250627125448_f29730fa/test_info_temp.json
2025-06-27 12:54:58,618 - DataSaveProcess - INFO - 保存瞬态特性数据: UserData/AutoSave/Test Unit A1/20250627-125448_workflow_test_20250627125448_f29730fa/2_transient.csv, 追加模式: False
2025-06-27 12:55:05,062 - DataSaveProcess - INFO - 保存JSON数据: UserData/AutoSave/Test Unit B2/20250627-125505_workflow_test_20250627125504_1f67c5ee/workflow.json
2025-06-27 12:55:32,153 - DataSaveProcess - INFO - 保存JSON数据: UserData/AutoSave/Test Unit B3/20250627-125532_workflow_test_20250627125531_83d7bbe9/workflow.json
2025-06-27 12:55:37,366 - DataSaveProcess - INFO - 保存JSON数据: UserData/AutoSave/Test Unit B1/20250627-125537_workflow_test_20250627125537_7b461fe6/workflow.json
2025-06-27 12:55:50,146 - DataSaveProcess - INFO - 保存JSON数据: UserData/AutoSave/Test Unit A3/20250627-125550_workflow_test_20250627125549_ab2a8c2d/workflow.json
2025-06-27 12:55:54,500 - DataSaveProcess - INFO - 保存JSON数据: UserData/AutoSave/Test Unit A2/20250627-125554_workflow_test_20250627125554_bf26dd4c/workflow.json
2025-06-27 12:55:59,851 - DataSaveProcess - INFO - 保存JSON数据: UserData/AutoSave/Test Unit B2/20250627-125505_workflow_test_20250627125504_1f67c5ee/test_info_temp.json
2025-06-27 12:55:59,851 - DataSaveProcess - INFO - 保存转移特性数据: UserData/AutoSave/Test Unit B2/20250627-125505_workflow_test_20250627125504_1f67c5ee/1_transfer.csv, 追加模式: False
2025-06-27 12:56:00,391 - DataSaveProcess - INFO - 保存JSON数据: UserData/AutoSave/Test Unit C1/20250627-125600_workflow_test_20250627125600_21760e7d/workflow.json
2025-06-27 12:56:04,129 - DataSaveProcess - INFO - 保存JSON数据: UserData/AutoSave/Test Unit C3/20250627-125604_workflow_test_20250627125603_bc1e4af2/workflow.json
2025-06-27 12:56:08,215 - DataSaveProcess - INFO - 保存JSON数据: UserData/AutoSave/Test Unit C2/20250627-125608_workflow_test_20250627125607_c5104cf7/workflow.json
2025-06-27 12:56:12,377 - DataSaveProcess - INFO - 保存JSON数据: UserData/AutoSave/Test Unit A1/20250627-125612_workflow_test_20250627125612_3eb8256b/workflow.json
2025-06-27 12:56:24,990 - DataSaveProcess - INFO - 保存JSON数据: UserData/AutoSave/Test Unit B2/20250627-125505_workflow_test_20250627125504_1f67c5ee/test_info_temp.json
2025-06-27 12:56:25,040 - DataSaveProcess - INFO - 保存瞬态特性数据: UserData/AutoSave/Test Unit B2/20250627-125505_workflow_test_20250627125504_1f67c5ee/2_transient.csv, 追加模式: False
2025-06-27 12:56:26,973 - DataSaveProcess - INFO - 保存JSON数据: UserData/AutoSave/Test Unit B3/20250627-125532_workflow_test_20250627125531_83d7bbe9/test_info_temp.json
2025-06-27 12:56:26,975 - DataSaveProcess - INFO - 保存转移特性数据: UserData/AutoSave/Test Unit B3/20250627-125532_workflow_test_20250627125531_83d7bbe9/1_transfer.csv, 追加模式: False
2025-06-27 12:56:32,186 - DataSaveProcess - INFO - 保存JSON数据: UserData/AutoSave/Test Unit B1/20250627-125537_workflow_test_20250627125537_7b461fe6/test_info_temp.json
2025-06-27 12:56:32,187 - DataSaveProcess - INFO - 保存转移特性数据: UserData/AutoSave/Test Unit B1/20250627-125537_workflow_test_20250627125537_7b461fe6/1_transfer.csv, 追加模式: False
2025-06-27 12:56:45,134 - DataSaveProcess - INFO - 保存JSON数据: UserData/AutoSave/Test Unit A3/20250627-125550_workflow_test_20250627125549_ab2a8c2d/test_info_temp.json
2025-06-27 12:56:45,138 - DataSaveProcess - INFO - 保存转移特性数据: UserData/AutoSave/Test Unit A3/20250627-125550_workflow_test_20250627125549_ab2a8c2d/1_transfer.csv, 追加模式: False
2025-06-27 12:56:49,131 - DataSaveProcess - INFO - 保存JSON数据: UserData/AutoSave/Test Unit A2/20250627-125554_workflow_test_20250627125554_bf26dd4c/test_info_temp.json
2025-06-27 12:56:49,134 - DataSaveProcess - INFO - 保存转移特性数据: UserData/AutoSave/Test Unit A2/20250627-125554_workflow_test_20250627125554_bf26dd4c/1_transfer.csv, 追加模式: False
2025-06-27 12:56:52,150 - DataSaveProcess - INFO - 保存JSON数据: UserData/AutoSave/Test Unit B3/20250627-125532_workflow_test_20250627125531_83d7bbe9/test_info_temp.json
2025-06-27 12:56:52,202 - DataSaveProcess - INFO - 保存瞬态特性数据: UserData/AutoSave/Test Unit B3/20250627-125532_workflow_test_20250627125531_83d7bbe9/2_transient.csv, 追加模式: False
2025-06-27 12:56:55,095 - DataSaveProcess - INFO - 保存JSON数据: UserData/AutoSave/Test Unit C1/20250627-125600_workflow_test_20250627125600_21760e7d/test_info_temp.json
2025-06-27 12:56:55,098 - DataSaveProcess - INFO - 保存转移特性数据: UserData/AutoSave/Test Unit C1/20250627-125600_workflow_test_20250627125600_21760e7d/1_transfer.csv, 追加模式: False
2025-06-27 12:56:57,370 - DataSaveProcess - INFO - 保存JSON数据: UserData/AutoSave/Test Unit B1/20250627-125537_workflow_test_20250627125537_7b461fe6/test_info_temp.json
2025-06-27 12:56:57,417 - DataSaveProcess - INFO - 保存瞬态特性数据: UserData/AutoSave/Test Unit B1/20250627-125537_workflow_test_20250627125537_7b461fe6/2_transient.csv, 追加模式: False
2025-06-27 12:56:58,829 - DataSaveProcess - INFO - 保存JSON数据: UserData/AutoSave/Test Unit C3/20250627-125604_workflow_test_20250627125603_bc1e4af2/test_info_temp.json
2025-06-27 12:56:58,829 - DataSaveProcess - INFO - 保存转移特性数据: UserData/AutoSave/Test Unit C3/20250627-125604_workflow_test_20250627125603_bc1e4af2/1_transfer.csv, 追加模式: False
2025-06-27 12:57:02,969 - DataSaveProcess - INFO - 保存JSON数据: UserData/AutoSave/Test Unit C2/20250627-125608_workflow_test_20250627125607_c5104cf7/test_info_temp.json
2025-06-27 12:57:02,969 - DataSaveProcess - INFO - 保存转移特性数据: UserData/AutoSave/Test Unit C2/20250627-125608_workflow_test_20250627125607_c5104cf7/1_transfer.csv, 追加模式: False
2025-06-27 12:57:07,203 - DataSaveProcess - INFO - 保存JSON数据: UserData/AutoSave/Test Unit A1/20250627-125612_workflow_test_20250627125612_3eb8256b/test_info_temp.json
2025-06-27 12:57:07,204 - DataSaveProcess - INFO - 保存转移特性数据: UserData/AutoSave/Test Unit A1/20250627-125612_workflow_test_20250627125612_3eb8256b/1_transfer.csv, 追加模式: False
2025-06-27 12:57:10,461 - DataSaveProcess - INFO - 保存JSON数据: UserData/AutoSave/Test Unit A3/20250627-125550_workflow_test_20250627125549_ab2a8c2d/test_info_temp.json
2025-06-27 12:57:10,520 - DataSaveProcess - INFO - 保存瞬态特性数据: UserData/AutoSave/Test Unit A3/20250627-125550_workflow_test_20250627125549_ab2a8c2d/2_transient.csv, 追加模式: False
2025-06-27 12:57:14,243 - DataSaveProcess - INFO - 保存JSON数据: UserData/AutoSave/Test Unit A2/20250627-125554_workflow_test_20250627125554_bf26dd4c/test_info_temp.json
2025-06-27 12:57:14,318 - DataSaveProcess - INFO - 保存瞬态特性数据: UserData/AutoSave/Test Unit A2/20250627-125554_workflow_test_20250627125554_bf26dd4c/2_transient.csv, 追加模式: False
2025-06-27 12:57:19,774 - DataSaveProcess - INFO - 保存JSON数据: UserData/AutoSave/Test Unit B2/20250627-125505_workflow_test_20250627125504_1f67c5ee/test_info_temp.json
2025-06-27 12:57:19,776 - DataSaveProcess - INFO - 保存转移特性数据: UserData/AutoSave/Test Unit B2/20250627-125505_workflow_test_20250627125504_1f67c5ee/3_transfer.csv, 追加模式: False
2025-06-27 12:57:20,218 - DataSaveProcess - INFO - 保存JSON数据: UserData/AutoSave/Test Unit C1/20250627-125600_workflow_test_20250627125600_21760e7d/test_info_temp.json
2025-06-27 12:57:20,277 - DataSaveProcess - INFO - 保存瞬态特性数据: UserData/AutoSave/Test Unit C1/20250627-125600_workflow_test_20250627125600_21760e7d/2_transient.csv, 追加模式: False
2025-06-27 12:57:23,893 - DataSaveProcess - INFO - 保存JSON数据: UserData/AutoSave/Test Unit C3/20250627-125604_workflow_test_20250627125603_bc1e4af2/test_info_temp.json
2025-06-27 12:57:24,000 - DataSaveProcess - INFO - 保存瞬态特性数据: UserData/AutoSave/Test Unit C3/20250627-125604_workflow_test_20250627125603_bc1e4af2/2_transient.csv, 追加模式: False
2025-06-27 12:57:28,137 - DataSaveProcess - INFO - 保存JSON数据: UserData/AutoSave/Test Unit C2/20250627-125608_workflow_test_20250627125607_c5104cf7/test_info_temp.json
2025-06-27 12:57:28,188 - DataSaveProcess - INFO - 保存瞬态特性数据: UserData/AutoSave/Test Unit C2/20250627-125608_workflow_test_20250627125607_c5104cf7/2_transient.csv, 追加模式: False
2025-06-27 12:57:32,376 - DataSaveProcess - INFO - 保存JSON数据: UserData/AutoSave/Test Unit A1/20250627-125612_workflow_test_20250627125612_3eb8256b/test_info_temp.json
2025-06-27 12:57:32,421 - DataSaveProcess - INFO - 保存瞬态特性数据: UserData/AutoSave/Test Unit A1/20250627-125612_workflow_test_20250627125612_3eb8256b/2_transient.csv, 追加模式: False
2025-06-27 12:57:44,986 - DataSaveProcess - INFO - 保存JSON数据: UserData/AutoSave/Test Unit B2/20250627-125505_workflow_test_20250627125504_1f67c5ee/test_info_temp.json
2025-06-27 12:57:45,033 - DataSaveProcess - INFO - 保存瞬态特性数据: UserData/AutoSave/Test Unit B2/20250627-125505_workflow_test_20250627125504_1f67c5ee/4_transient.csv, 追加模式: False
2025-06-27 12:57:46,938 - DataSaveProcess - INFO - 保存JSON数据: UserData/AutoSave/Test Unit B3/20250627-125532_workflow_test_20250627125531_83d7bbe9/test_info_temp.json
2025-06-27 12:57:46,939 - DataSaveProcess - INFO - 保存转移特性数据: UserData/AutoSave/Test Unit B3/20250627-125532_workflow_test_20250627125531_83d7bbe9/3_transfer.csv, 追加模式: False
2025-06-27 12:57:52,149 - DataSaveProcess - INFO - 保存JSON数据: UserData/AutoSave/Test Unit B1/20250627-125537_workflow_test_20250627125537_7b461fe6/test_info_temp.json
2025-06-27 12:57:52,150 - DataSaveProcess - INFO - 保存转移特性数据: UserData/AutoSave/Test Unit B1/20250627-125537_workflow_test_20250627125537_7b461fe6/3_transfer.csv, 追加模式: False
2025-06-27 12:58:05,454 - DataSaveProcess - INFO - 保存JSON数据: UserData/AutoSave/Test Unit A3/20250627-125550_workflow_test_20250627125549_ab2a8c2d/test_info_temp.json
2025-06-27 12:58:05,456 - DataSaveProcess - INFO - 保存转移特性数据: UserData/AutoSave/Test Unit A3/20250627-125550_workflow_test_20250627125549_ab2a8c2d/3_transfer.csv, 追加模式: False
2025-06-27 12:58:06,579 - DataSaveProcess - INFO - 保存JSON数据: UserData/AutoSave/Test Unit C2/20250627-125608_workflow_test_20250627125607_c5104cf7/test_info.json
2025-06-27 12:58:06,583 - DataSaveProcess - INFO - 保存JSON数据: UserData/AutoSave/Test Unit C2/20250627-125608_workflow_test_20250627125607_c5104cf7/test_info.json
2025-06-27 12:58:08,827 - DataSaveProcess - INFO - 保存JSON数据: UserData/AutoSave/Test Unit A2/20250627-125554_workflow_test_20250627125554_bf26dd4c/test_info_temp.json
2025-06-27 12:58:08,828 - DataSaveProcess - INFO - 保存转移特性数据: UserData/AutoSave/Test Unit A2/20250627-125554_workflow_test_20250627125554_bf26dd4c/3_transfer.csv, 追加模式: False
2025-06-27 12:58:12,097 - DataSaveProcess - INFO - 保存JSON数据: UserData/AutoSave/Test Unit B3/20250627-125532_workflow_test_20250627125531_83d7bbe9/test_info_temp.json
2025-06-27 12:58:12,145 - DataSaveProcess - INFO - 保存瞬态特性数据: UserData/AutoSave/Test Unit B3/20250627-125532_workflow_test_20250627125531_83d7bbe9/4_transient.csv, 追加模式: False
2025-06-27 12:58:14,082 - DataSaveProcess - INFO - 保存JSON数据: UserData/AutoSave/Test Unit C3/20250627-125604_workflow_test_20250627125603_bc1e4af2/test_info.json
2025-06-27 12:58:14,085 - DataSaveProcess - INFO - 保存JSON数据: UserData/AutoSave/Test Unit C3/20250627-125604_workflow_test_20250627125603_bc1e4af2/test_info.json
2025-06-27 12:58:14,785 - DataSaveProcess - INFO - 保存JSON数据: UserData/AutoSave/Test Unit C1/20250627-125600_workflow_test_20250627125600_21760e7d/test_info_temp.json
2025-06-27 12:58:14,787 - DataSaveProcess - INFO - 保存转移特性数据: UserData/AutoSave/Test Unit C1/20250627-125600_workflow_test_20250627125600_21760e7d/3_transfer.csv, 追加模式: False
2025-06-27 12:58:17,305 - DataSaveProcess - INFO - 保存JSON数据: UserData/AutoSave/Test Unit B1/20250627-125537_workflow_test_20250627125537_7b461fe6/test_info_temp.json
2025-06-27 12:58:17,351 - DataSaveProcess - INFO - 保存瞬态特性数据: UserData/AutoSave/Test Unit B1/20250627-125537_workflow_test_20250627125537_7b461fe6/4_transient.csv, 追加模式: False
2025-06-27 12:58:17,539 - DataSaveProcess - INFO - 保存JSON数据: UserData/AutoSave/Test Unit C1/20250627-125600_workflow_test_20250627125600_21760e7d/test_info.json
2025-06-27 12:58:17,546 - DataSaveProcess - INFO - 保存JSON数据: UserData/AutoSave/Test Unit C1/20250627-125600_workflow_test_20250627125600_21760e7d/test_info_temp.json
2025-06-27 12:58:17,546 - DataSaveProcess - INFO - 保存JSON数据: UserData/AutoSave/Test Unit C1/20250627-125600_workflow_test_20250627125600_21760e7d/test_info.json
2025-06-27 12:58:17,552 - DataSaveProcess - INFO - 保存瞬态特性数据: UserData/AutoSave/Test Unit C1/20250627-125600_workflow_test_20250627125600_21760e7d/4_transient.csv, 追加模式: False
2025-06-27 12:58:19,764 - DataSaveProcess - INFO - 保存JSON数据: UserData/AutoSave/Test Unit A2/20250627-125554_workflow_test_20250627125554_bf26dd4c/test_info.json
2025-06-27 12:58:19,781 - DataSaveProcess - INFO - 保存JSON数据: UserData/AutoSave/Test Unit A2/20250627-125554_workflow_test_20250627125554_bf26dd4c/test_info_temp.json
2025-06-27 12:58:19,781 - DataSaveProcess - INFO - 保存JSON数据: UserData/AutoSave/Test Unit A2/20250627-125554_workflow_test_20250627125554_bf26dd4c/test_info.json
2025-06-27 12:58:19,802 - DataSaveProcess - INFO - 保存瞬态特性数据: UserData/AutoSave/Test Unit A2/20250627-125554_workflow_test_20250627125554_bf26dd4c/4_transient.csv, 追加模式: False
2025-06-27 12:58:22,185 - DataSaveProcess - INFO - 保存JSON数据: UserData/AutoSave/Test Unit A3/20250627-125550_workflow_test_20250627125549_ab2a8c2d/test_info.json
2025-06-27 12:58:22,204 - DataSaveProcess - INFO - 保存JSON数据: UserData/AutoSave/Test Unit A3/20250627-125550_workflow_test_20250627125549_ab2a8c2d/test_info_temp.json
2025-06-27 12:58:22,204 - DataSaveProcess - INFO - 保存JSON数据: UserData/AutoSave/Test Unit A3/20250627-125550_workflow_test_20250627125549_ab2a8c2d/test_info.json
2025-06-27 12:58:22,238 - DataSaveProcess - INFO - 保存瞬态特性数据: UserData/AutoSave/Test Unit A3/20250627-125550_workflow_test_20250627125549_ab2a8c2d/4_transient.csv, 追加模式: False
2025-06-27 12:58:24,640 - DataSaveProcess - INFO - 保存JSON数据: UserData/AutoSave/Test Unit B1/20250627-125537_workflow_test_20250627125537_7b461fe6/test_info.json
2025-06-27 12:58:24,657 - DataSaveProcess - INFO - 保存JSON数据: UserData/AutoSave/Test Unit B1/20250627-125537_workflow_test_20250627125537_7b461fe6/test_info.json
2025-06-27 12:58:27,085 - DataSaveProcess - INFO - 保存JSON数据: UserData/AutoSave/Test Unit A1/20250627-125612_workflow_test_20250627125612_3eb8256b/test_info_temp.json
2025-06-27 12:58:27,092 - DataSaveProcess - INFO - 保存转移特性数据: UserData/AutoSave/Test Unit A1/20250627-125612_workflow_test_20250627125612_3eb8256b/3_transfer.csv, 追加模式: False
2025-06-27 12:58:27,833 - DataSaveProcess - INFO - 保存JSON数据: UserData/AutoSave/Test Unit B3/20250627-125532_workflow_test_20250627125531_83d7bbe9/test_info.json
2025-06-27 12:58:27,836 - DataSaveProcess - INFO - 保存JSON数据: UserData/AutoSave/Test Unit B3/20250627-125532_workflow_test_20250627125531_83d7bbe9/test_info.json
2025-06-27 12:58:30,910 - DataSaveProcess - INFO - 保存JSON数据: UserData/AutoSave/Test Unit B2/20250627-125505_workflow_test_20250627125504_1f67c5ee/test_info.json
2025-06-27 12:58:30,912 - DataSaveProcess - INFO - 保存JSON数据: UserData/AutoSave/Test Unit B2/20250627-125505_workflow_test_20250627125504_1f67c5ee/test_info.json
2025-06-27 12:58:34,024 - DataSaveProcess - INFO - 保存JSON数据: UserData/AutoSave/Test Unit A1/20250627-125612_workflow_test_20250627125612_3eb8256b/test_info.json
2025-06-27 12:58:34,050 - DataSaveProcess - INFO - 保存JSON数据: UserData/AutoSave/Test Unit A1/20250627-125612_workflow_test_20250627125612_3eb8256b/test_info_temp.json
2025-06-27 12:58:34,050 - DataSaveProcess - INFO - 保存JSON数据: UserData/AutoSave/Test Unit A1/20250627-125612_workflow_test_20250627125612_3eb8256b/test_info.json
2025-06-27 12:58:34,063 - DataSaveProcess - INFO - 保存瞬态特性数据: UserData/AutoSave/Test Unit A1/20250627-125612_workflow_test_20250627125612_3eb8256b/4_transient.csv, 追加模式: False
2025-06-27 12:59:26,950 - DataSaveProcess - INFO - 收到关闭信号
2025-06-27 12:59:26,951 - DataSaveProcess - INFO - 工作线程 DataSaveWorker-0 收到结束信号
2025-06-27 12:59:26,952 - DataSaveProcess - INFO - 工作线程 DataSaveWorker-3 收到结束信号
2025-06-27 12:59:26,952 - DataSaveProcess - INFO - 工作线程 DataSaveWorker-1 收到结束信号
2025-06-27 12:59:26,953 - DataSaveProcess - INFO - 工作线程 DataSaveWorker-2 收到结束信号
2025-06-27 12:59:26,984 - DataSaveProcess - INFO - 工作线程 DataSaveWorker-2 已退出
2025-06-27 12:59:26,974 - DataSaveProcess - INFO - 工作线程 DataSaveWorker-3 已退出
2025-06-27 12:59:26,980 - DataSaveProcess - INFO - 工作线程 DataSaveWorker-1 已退出
2025-06-27 12:59:26,963 - DataSaveProcess - INFO - 工作线程 DataSaveWorker-0 已退出
2025-06-27 12:59:27,023 - DataSaveProcess - INFO - 数据保存管理器已关闭
2025-06-27 12:59:27,038 - DataSaveProcess - INFO - 检测到关闭事件，通知数据保存管理器
2025-06-27 12:59:27,039 - DataSaveProcess - INFO - 统计信息: 总共保存了 97 个文件，共 7072878 字节
2025-06-27 12:59:27,040 - DataSaveProcess - INFO - 接收到 0 个批次，共 0 个数据点
2025-06-27 12:59:27,041 - DataSaveProcess - INFO - 按类型分: 转移特性=17, 瞬态特性=17, JSON=63, 其他=0
2025-06-27 12:59:27,042 - DataSaveProcess - INFO - 错误次数: 0
2025-06-27 12:59:27,042 - DataSaveProcess - INFO - 数据保存进程结束
